<?xml version="1.0" encoding="UTF-8"?>
<robot generator="Robot 6.1.1 (Python 3.10.12 on linux)" generated="20231114 12:59:10.827" rpa="false" schemaversion="4">
<suite id="s1" name="Tests" source="/home/verave/Documents/ohtu/ohtu-laskarit/viikko3/web-login/src/tests">
<suite id="s1-s1" name="Home" source="/home/verave/Documents/ohtu/ohtu-laskarit/viikko3/web-login/src/tests/home.robot">
<kw name="Open And Configure Browser" library="resource" type="SETUP">
<kw name="Evaluate" library="BuiltIn">
<var>${options}</var>
<arg>sys.modules['selenium.webdriver'].ChromeOptions()</arg>
<arg>sys</arg>
<doc>Evaluates the given expression in Python and returns the result.</doc>
<msg timestamp="20231114 12:59:11.108" level="INFO">${options} = &lt;selenium.webdriver.chrome.options.Options object at 0x7f99c786fe50&gt;</msg>
<status status="PASS" starttime="20231114 12:59:11.107" endtime="20231114 12:59:11.108"/>
</kw>
<kw name="Call Method" library="BuiltIn">
<arg>${options}</arg>
<arg>add_argument</arg>
<arg>--no-sandbox</arg>
<doc>Calls the named method of the given object with the provided arguments.</doc>
<status status="PASS" starttime="20231114 12:59:11.108" endtime="20231114 12:59:11.109"/>
</kw>
<kw name="Open Browser" library="SeleniumLibrary">
<arg>browser=chrome</arg>
<arg>options=${options}</arg>
<doc>Opens a new browser instance to the optional ``url``.</doc>
<msg timestamp="20231114 12:59:11.110" level="INFO">Opening browser 'chrome' to base url 'None'.</msg>
<status status="PASS" starttime="20231114 12:59:11.109" endtime="20231114 12:59:12.655"/>
</kw>
<kw name="Set Selenium Speed" library="SeleniumLibrary">
<arg>${DELAY}</arg>
<doc>Sets the delay that is waited after each Selenium command.</doc>
<status status="PASS" starttime="20231114 12:59:12.655" endtime="20231114 12:59:12.656"/>
</kw>
<status status="PASS" starttime="20231114 12:59:11.107" endtime="20231114 12:59:12.656"/>
</kw>
<test id="s1-s1-t1" name="Click Login Link" line="8">
<kw name="Go To Main Page" library="resource" type="SETUP">
<kw name="Go To" library="SeleniumLibrary">
<arg>${HOME URL}</arg>
<doc>Navigates the current browser window to the provided ``url``.</doc>
<msg timestamp="20231114 12:59:12.658" level="INFO">Opening url 'http://localhost:5001'</msg>
<status status="PASS" starttime="20231114 12:59:12.658" endtime="20231114 12:59:13.249"/>
</kw>
<status status="PASS" starttime="20231114 12:59:12.657" endtime="20231114 12:59:13.249"/>
</kw>
<kw name="Click Link" library="SeleniumLibrary">
<arg>Login</arg>
<doc>Clicks a link identified by ``locator``.</doc>
<msg timestamp="20231114 12:59:13.252" level="INFO">Clicking link 'Login'.</msg>
<status status="PASS" starttime="20231114 12:59:13.250" endtime="20231114 12:59:15.010"/>
</kw>
<kw name="Login Page Should Be Open" library="resource">
<kw name="Title Should Be" library="SeleniumLibrary">
<arg>Login</arg>
<doc>Verifies that the current page title equals ``title``.</doc>
<msg timestamp="20231114 12:59:15.531" level="INFO">Page title is 'Login'.</msg>
<status status="PASS" starttime="20231114 12:59:15.012" endtime="20231114 12:59:15.531"/>
</kw>
<status status="PASS" starttime="20231114 12:59:15.011" endtime="20231114 12:59:15.531"/>
</kw>
<status status="PASS" starttime="20231114 12:59:12.656" endtime="20231114 12:59:15.532"/>
</test>
<test id="s1-s1-t2" name="Click Register Link" line="12">
<kw name="Go To Main Page" library="resource" type="SETUP">
<kw name="Go To" library="SeleniumLibrary">
<arg>${HOME URL}</arg>
<doc>Navigates the current browser window to the provided ``url``.</doc>
<msg timestamp="20231114 12:59:15.537" level="INFO">Opening url 'http://localhost:5001'</msg>
<status status="PASS" starttime="20231114 12:59:15.537" endtime="20231114 12:59:16.116"/>
</kw>
<status status="PASS" starttime="20231114 12:59:15.535" endtime="20231114 12:59:16.116"/>
</kw>
<kw name="Click Link" library="SeleniumLibrary">
<arg>Register new user</arg>
<doc>Clicks a link identified by ``locator``.</doc>
<msg timestamp="20231114 12:59:16.119" level="INFO">Clicking link 'Register new user'.</msg>
<status status="PASS" starttime="20231114 12:59:16.117" endtime="20231114 12:59:17.828"/>
</kw>
<kw name="Register Page Should Be Open" library="resource">
<kw name="Title Should Be" library="SeleniumLibrary">
<arg>Register</arg>
<doc>Verifies that the current page title equals ``title``.</doc>
<msg timestamp="20231114 12:59:18.349" level="INFO">Page title is 'Register'.</msg>
<status status="PASS" starttime="20231114 12:59:17.831" endtime="20231114 12:59:18.349"/>
</kw>
<status status="PASS" starttime="20231114 12:59:17.829" endtime="20231114 12:59:18.350"/>
</kw>
<status status="PASS" starttime="20231114 12:59:15.534" endtime="20231114 12:59:18.351"/>
</test>
<kw name="Close Browser" library="SeleniumLibrary" type="TEARDOWN">
<doc>Closes the current browser.</doc>
<status status="PASS" starttime="20231114 12:59:18.354" endtime="20231114 12:59:18.937"/>
</kw>
<status status="PASS" starttime="20231114 12:59:10.858" endtime="20231114 12:59:18.937"/>
</suite>
<suite id="s1-s2" name="Login" source="/home/verave/Documents/ohtu/ohtu-laskarit/viikko3/web-login/src/tests/login.robot">
<kw name="Open And Configure Browser" library="resource" type="SETUP">
<kw name="Evaluate" library="BuiltIn">
<var>${options}</var>
<arg>sys.modules['selenium.webdriver'].ChromeOptions()</arg>
<arg>sys</arg>
<doc>Evaluates the given expression in Python and returns the result.</doc>
<msg timestamp="20231114 12:59:18.960" level="INFO">${options} = &lt;selenium.webdriver.chrome.options.Options object at 0x7f99c75ad600&gt;</msg>
<status status="PASS" starttime="20231114 12:59:18.958" endtime="20231114 12:59:18.960"/>
</kw>
<kw name="Call Method" library="BuiltIn">
<arg>${options}</arg>
<arg>add_argument</arg>
<arg>--no-sandbox</arg>
<doc>Calls the named method of the given object with the provided arguments.</doc>
<status status="PASS" starttime="20231114 12:59:18.960" endtime="20231114 12:59:18.961"/>
</kw>
<kw name="Open Browser" library="SeleniumLibrary">
<arg>browser=chrome</arg>
<arg>options=${options}</arg>
<doc>Opens a new browser instance to the optional ``url``.</doc>
<msg timestamp="20231114 12:59:18.964" level="INFO">Opening browser 'chrome' to base url 'None'.</msg>
<status status="PASS" starttime="20231114 12:59:18.962" endtime="20231114 12:59:20.458"/>
</kw>
<kw name="Set Selenium Speed" library="SeleniumLibrary">
<arg>${DELAY}</arg>
<doc>Sets the delay that is waited after each Selenium command.</doc>
<status status="PASS" starttime="20231114 12:59:20.458" endtime="20231114 12:59:20.458"/>
</kw>
<status status="PASS" starttime="20231114 12:59:18.957" endtime="20231114 12:59:20.459"/>
</kw>
<test id="s1-s2-t1" name="Login With Correct Credentials" line="8">
<kw name="Create User And Go To Login Page" type="SETUP">
<kw name="Create User" library="AppLibrary">
<arg>kalle</arg>
<arg>kalle123</arg>
<status status="PASS" starttime="20231114 12:59:20.460" endtime="20231114 12:59:20.471"/>
</kw>
<kw name="Go To Login Page" library="resource">
<kw name="Go To" library="SeleniumLibrary">
<arg>${LOGIN_URL}</arg>
<doc>Navigates the current browser window to the provided ``url``.</doc>
<msg timestamp="20231114 12:59:20.472" level="INFO">Opening url 'http://localhost:5001/login'</msg>
<status status="PASS" starttime="20231114 12:59:20.471" endtime="20231114 12:59:21.053"/>
</kw>
<status status="PASS" starttime="20231114 12:59:20.471" endtime="20231114 12:59:21.054"/>
</kw>
<kw name="Login Page Should Be Open" library="resource">
<kw name="Title Should Be" library="SeleniumLibrary">
<arg>Login</arg>
<doc>Verifies that the current page title equals ``title``.</doc>
<msg timestamp="20231114 12:59:21.574" level="INFO">Page title is 'Login'.</msg>
<status status="PASS" starttime="20231114 12:59:21.055" endtime="20231114 12:59:21.574"/>
</kw>
<status status="PASS" starttime="20231114 12:59:21.054" endtime="20231114 12:59:21.574"/>
</kw>
<status status="PASS" starttime="20231114 12:59:20.459" endtime="20231114 12:59:21.575"/>
</kw>
<kw name="Set Username">
<arg>kalle</arg>
<kw name="Input Text" library="SeleniumLibrary">
<arg>username</arg>
<arg>${username}</arg>
<doc>Types the given ``text`` into the text field identified by ``locator``.</doc>
<msg timestamp="20231114 12:59:21.578" level="INFO">Typing text 'kalle' into text field 'username'.</msg>
<status status="PASS" starttime="20231114 12:59:21.576" endtime="20231114 12:59:23.385"/>
</kw>
<status status="PASS" starttime="20231114 12:59:21.575" endtime="20231114 12:59:23.385"/>
</kw>
<kw name="Set Password">
<arg>kalle123</arg>
<kw name="Input Password" library="SeleniumLibrary">
<arg>password</arg>
<arg>${password}</arg>
<doc>Types the given password into the text field identified by ``locator``.</doc>
<msg timestamp="20231114 12:59:23.388" level="INFO">Typing password into text field 'password'.</msg>
<msg timestamp="20231114 12:59:24.499" level="INFO">Temporally setting log level to: NONE</msg>
<msg timestamp="20231114 12:59:25.112" level="INFO">Log level changed from NONE to INFO.</msg>
<status status="PASS" starttime="20231114 12:59:23.387" endtime="20231114 12:59:25.113"/>
</kw>
<status status="PASS" starttime="20231114 12:59:23.386" endtime="20231114 12:59:25.113"/>
</kw>
<kw name="Submit Credentials">
<kw name="Click Button" library="SeleniumLibrary">
<arg>Login</arg>
<doc>Clicks the button identified by ``locator``.</doc>
<msg timestamp="20231114 12:59:25.116" level="INFO">Clicking button 'Login'.</msg>
<status status="PASS" starttime="20231114 12:59:25.114" endtime="20231114 12:59:27.338"/>
</kw>
<status status="PASS" starttime="20231114 12:59:25.113" endtime="20231114 12:59:27.339"/>
</kw>
<kw name="Login Should Succeed">
<kw name="Main Page Should Be Open" library="resource">
<kw name="Title Should Be" library="SeleniumLibrary">
<arg>Ohtu Application main page</arg>
<doc>Verifies that the current page title equals ``title``.</doc>
<msg timestamp="20231114 12:59:27.855" level="INFO">Page title is 'Ohtu Application main page'.</msg>
<status status="PASS" starttime="20231114 12:59:27.341" endtime="20231114 12:59:27.855"/>
</kw>
<status status="PASS" starttime="20231114 12:59:27.340" endtime="20231114 12:59:27.855"/>
</kw>
<status status="PASS" starttime="20231114 12:59:27.339" endtime="20231114 12:59:27.856"/>
</kw>
<status status="PASS" starttime="20231114 12:59:20.459" endtime="20231114 12:59:27.856"/>
</test>
<test id="s1-s2-t2" name="Login With Incorrect Password" line="14">
<kw name="Create User And Go To Login Page" type="SETUP">
<kw name="Create User" library="AppLibrary">
<arg>kalle</arg>
<arg>kalle123</arg>
<status status="PASS" starttime="20231114 12:59:27.859" endtime="20231114 12:59:27.884"/>
</kw>
<kw name="Go To Login Page" library="resource">
<kw name="Go To" library="SeleniumLibrary">
<arg>${LOGIN_URL}</arg>
<doc>Navigates the current browser window to the provided ``url``.</doc>
<msg timestamp="20231114 12:59:27.887" level="INFO">Opening url 'http://localhost:5001/login'</msg>
<status status="PASS" starttime="20231114 12:59:27.886" endtime="20231114 12:59:28.450"/>
</kw>
<status status="PASS" starttime="20231114 12:59:27.885" endtime="20231114 12:59:28.450"/>
</kw>
<kw name="Login Page Should Be Open" library="resource">
<kw name="Title Should Be" library="SeleniumLibrary">
<arg>Login</arg>
<doc>Verifies that the current page title equals ``title``.</doc>
<msg timestamp="20231114 12:59:28.967" level="INFO">Page title is 'Login'.</msg>
<status status="PASS" starttime="20231114 12:59:28.451" endtime="20231114 12:59:28.967"/>
</kw>
<status status="PASS" starttime="20231114 12:59:28.450" endtime="20231114 12:59:28.967"/>
</kw>
<status status="PASS" starttime="20231114 12:59:27.859" endtime="20231114 12:59:28.967"/>
</kw>
<kw name="Set Username">
<arg>kalle</arg>
<kw name="Input Text" library="SeleniumLibrary">
<arg>username</arg>
<arg>${username}</arg>
<doc>Types the given ``text`` into the text field identified by ``locator``.</doc>
<msg timestamp="20231114 12:59:28.971" level="INFO">Typing text 'kalle' into text field 'username'.</msg>
<status status="PASS" starttime="20231114 12:59:28.969" endtime="20231114 12:59:30.687"/>
</kw>
<status status="PASS" starttime="20231114 12:59:28.968" endtime="20231114 12:59:30.687"/>
</kw>
<kw name="Set Password">
<arg>kalle456</arg>
<kw name="Input Password" library="SeleniumLibrary">
<arg>password</arg>
<arg>${password}</arg>
<doc>Types the given password into the text field identified by ``locator``.</doc>
<msg timestamp="20231114 12:59:30.691" level="INFO">Typing password into text field 'password'.</msg>
<msg timestamp="20231114 12:59:31.791" level="INFO">Temporally setting log level to: NONE</msg>
<msg timestamp="20231114 12:59:32.404" level="INFO">Log level changed from NONE to INFO.</msg>
<status status="PASS" starttime="20231114 12:59:30.689" endtime="20231114 12:59:32.405"/>
</kw>
<status status="PASS" starttime="20231114 12:59:30.688" endtime="20231114 12:59:32.405"/>
</kw>
<kw name="Submit Credentials">
<kw name="Click Button" library="SeleniumLibrary">
<arg>Login</arg>
<doc>Clicks the button identified by ``locator``.</doc>
<msg timestamp="20231114 12:59:32.408" level="INFO">Clicking button 'Login'.</msg>
<status status="PASS" starttime="20231114 12:59:32.406" endtime="20231114 12:59:34.616"/>
</kw>
<status status="PASS" starttime="20231114 12:59:32.405" endtime="20231114 12:59:34.617"/>
</kw>
<kw name="Login Should Fail With Message">
<arg>Invalid username or password</arg>
<kw name="Login Page Should Be Open" library="resource">
<kw name="Title Should Be" library="SeleniumLibrary">
<arg>Login</arg>
<doc>Verifies that the current page title equals ``title``.</doc>
<msg timestamp="20231114 12:59:35.138" level="INFO">Page title is 'Login'.</msg>
<status status="PASS" starttime="20231114 12:59:34.620" endtime="20231114 12:59:35.138"/>
</kw>
<status status="PASS" starttime="20231114 12:59:34.619" endtime="20231114 12:59:35.139"/>
</kw>
<kw name="Page Should Contain" library="SeleniumLibrary">
<arg>${message}</arg>
<doc>Verifies that current page contains ``text``.</doc>
<msg timestamp="20231114 12:59:36.188" level="INFO">Current page contains text 'Invalid username or password'.</msg>
<status status="PASS" starttime="20231114 12:59:35.139" endtime="20231114 12:59:36.189"/>
</kw>
<status status="PASS" starttime="20231114 12:59:34.617" endtime="20231114 12:59:36.189"/>
</kw>
<status status="PASS" starttime="20231114 12:59:27.857" endtime="20231114 12:59:36.190"/>
</test>
<kw name="Close Browser" library="SeleniumLibrary" type="TEARDOWN">
<doc>Closes the current browser.</doc>
<status status="PASS" starttime="20231114 12:59:36.192" endtime="20231114 12:59:36.805"/>
</kw>
<status status="PASS" starttime="20231114 12:59:18.942" endtime="20231114 12:59:36.805"/>
</suite>
<status status="PASS" starttime="20231114 12:59:10.828" endtime="20231114 12:59:36.810"/>
</suite>
<statistics>
<total>
<stat pass="4" fail="0" skip="0">All Tests</stat>
</total>
<tag>
</tag>
<suite>
<stat pass="4" fail="0" skip="0" id="s1" name="Tests">Tests</stat>
<stat pass="2" fail="0" skip="0" id="s1-s1" name="Home">Tests.Home</stat>
<stat pass="2" fail="0" skip="0" id="s1-s2" name="Login">Tests.Login</stat>
</suite>
</statistics>
<errors>
</errors>
</robot>
