<?xml version="1.0" encoding="UTF-8"?>
<robot generator="Robot 6.1.1 (Python 3.10.12 on linux)" generated="20231113 11:35:47.135" rpa="false" schemaversion="4">
<suite id="s1" name="Tests" source="/home/verave/Documents/ohtu/ohtu-laskarit/viikko3/login-robot/src/tests">
<suite id="s1-s1" name="Login" source="/home/verave/Documents/ohtu/ohtu-laskarit/viikko3/login-robot/src/tests/login.robot">
<test id="s1-s1-t1" name="Login With Correct Credentials" line="6">
<kw name="Create User And Input Login Command" type="SETUP">
<kw name="Create User" library="AppLibrary">
<arg>kalle</arg>
<arg>kalle123</arg>
<status status="PASS" starttime="20231113 11:35:47.176" endtime="20231113 11:35:47.176"/>
</kw>
<kw name="Input Login Command" library="resource">
<kw name="Input" library="AppLibrary">
<arg>login</arg>
<status status="PASS" starttime="20231113 11:35:47.177" endtime="20231113 11:35:47.177"/>
</kw>
<status status="PASS" starttime="20231113 11:35:47.176" endtime="20231113 11:35:47.177"/>
</kw>
<status status="PASS" starttime="20231113 11:35:47.175" endtime="20231113 11:35:47.177"/>
</kw>
<kw name="Input Credentials" library="resource">
<arg>kalle</arg>
<arg>kalle123</arg>
<kw name="Input" library="AppLibrary">
<arg>${username}</arg>
<status status="PASS" starttime="20231113 11:35:47.178" endtime="20231113 11:35:47.178"/>
</kw>
<kw name="Input" library="AppLibrary">
<arg>${password}</arg>
<status status="PASS" starttime="20231113 11:35:47.178" endtime="20231113 11:35:47.179"/>
</kw>
<kw name="Run Application" library="AppLibrary">
<status status="PASS" starttime="20231113 11:35:47.179" endtime="20231113 11:35:47.179"/>
</kw>
<status status="PASS" starttime="20231113 11:35:47.177" endtime="20231113 11:35:47.179"/>
</kw>
<kw name="Output Should Contain" library="AppLibrary">
<arg>Logged in</arg>
<status status="PASS" starttime="20231113 11:35:47.179" endtime="20231113 11:35:47.179"/>
</kw>
<status status="PASS" starttime="20231113 11:35:47.175" endtime="20231113 11:35:47.180"/>
</test>
<test id="s1-s1-t2" name="Login With Incorrect Password" line="16">
<kw name="Create User And Input Login Command" type="SETUP">
<kw name="Create User" library="AppLibrary">
<arg>kalle</arg>
<arg>kalle123</arg>
<status status="PASS" starttime="20231113 11:35:47.182" endtime="20231113 11:35:47.182"/>
</kw>
<kw name="Input Login Command" library="resource">
<kw name="Input" library="AppLibrary">
<arg>login</arg>
<status status="PASS" starttime="20231113 11:35:47.183" endtime="20231113 11:35:47.183"/>
</kw>
<status status="PASS" starttime="20231113 11:35:47.183" endtime="20231113 11:35:47.183"/>
</kw>
<status status="PASS" starttime="20231113 11:35:47.181" endtime="20231113 11:35:47.183"/>
</kw>
<kw name="Input Credentials" library="resource">
<arg>kalle</arg>
<arg>kalle321</arg>
<kw name="Input" library="AppLibrary">
<arg>${username}</arg>
<status status="PASS" starttime="20231113 11:35:47.184" endtime="20231113 11:35:47.184"/>
</kw>
<kw name="Input" library="AppLibrary">
<arg>${password}</arg>
<status status="PASS" starttime="20231113 11:35:47.184" endtime="20231113 11:35:47.185"/>
</kw>
<kw name="Run Application" library="AppLibrary">
<status status="PASS" starttime="20231113 11:35:47.185" endtime="20231113 11:35:47.185"/>
</kw>
<status status="PASS" starttime="20231113 11:35:47.184" endtime="20231113 11:35:47.185"/>
</kw>
<kw name="Output Should Contain" library="AppLibrary">
<arg>Invalid username or password</arg>
<status status="PASS" starttime="20231113 11:35:47.185" endtime="20231113 11:35:47.185"/>
</kw>
<status status="PASS" starttime="20231113 11:35:47.180" endtime="20231113 11:35:47.186"/>
</test>
<test id="s1-s1-t3" name="Login With Nonexistent Username" line="20">
<kw name="Create User And Input Login Command" type="SETUP">
<kw name="Create User" library="AppLibrary">
<arg>kalle</arg>
<arg>kalle123</arg>
<status status="PASS" starttime="20231113 11:35:47.187" endtime="20231113 11:35:47.187"/>
</kw>
<kw name="Input Login Command" library="resource">
<kw name="Input" library="AppLibrary">
<arg>login</arg>
<status status="PASS" starttime="20231113 11:35:47.188" endtime="20231113 11:35:47.188"/>
</kw>
<status status="PASS" starttime="20231113 11:35:47.187" endtime="20231113 11:35:47.188"/>
</kw>
<status status="PASS" starttime="20231113 11:35:47.187" endtime="20231113 11:35:47.188"/>
</kw>
<kw name="Input Credentials" library="resource">
<arg>kale</arg>
<arg>kalle123</arg>
<kw name="Input" library="AppLibrary">
<arg>${username}</arg>
<status status="PASS" starttime="20231113 11:35:47.189" endtime="20231113 11:35:47.189"/>
</kw>
<kw name="Input" library="AppLibrary">
<arg>${password}</arg>
<status status="PASS" starttime="20231113 11:35:47.189" endtime="20231113 11:35:47.190"/>
</kw>
<kw name="Run Application" library="AppLibrary">
<status status="PASS" starttime="20231113 11:35:47.190" endtime="20231113 11:35:47.190"/>
</kw>
<status status="PASS" starttime="20231113 11:35:47.188" endtime="20231113 11:35:47.190"/>
</kw>
<kw name="Output Should Contain" library="AppLibrary">
<arg>Invalid username or password</arg>
<status status="PASS" starttime="20231113 11:35:47.190" endtime="20231113 11:35:47.190"/>
</kw>
<status status="PASS" starttime="20231113 11:35:47.186" endtime="20231113 11:35:47.191"/>
</test>
<status status="PASS" starttime="20231113 11:35:47.166" endtime="20231113 11:35:47.191"/>
</suite>
<status status="PASS" starttime="20231113 11:35:47.136" endtime="20231113 11:35:47.192"/>
</suite>
<statistics>
<total>
<stat pass="3" fail="0" skip="0">All Tests</stat>
</total>
<tag>
</tag>
<suite>
<stat pass="3" fail="0" skip="0" id="s1" name="Tests">Tests</stat>
<stat pass="3" fail="0" skip="0" id="s1-s1" name="Login">Tests.Login</stat>
</suite>
</statistics>
<errors>
</errors>
</robot>
